[26/2/2022, 15:15:13] INFO : App Employees Running
[26/2/2022, 15:15:54] INFO : App Employees Running
[26/2/2022, 15:16:32] INFO : App Employees Running
[26/2/2022, 15:19:58] INFO : App Employees Running
[26/2/2022, 15:20:43] INFO : App Employees Running
[26/2/2022, 15:22:18] INFO : App Employees Running
[26/2/2022, 15:22:49] INFO : App Employees Running
[26/2/2022, 15:22:52] INFO : Succesfully Updating Employee s {
	"id": "bb96118a-9af2-43fd-92d2-99382c92788c",
	"primerApellido": "DE LAS ROSAS",
	"segundoApellido": "TICONA",
	"primerNombre": "GABO",
	"otrosNombres": "RONALDO",
	"pais": "Estados Unidos",
	"tIdentificacion": "Cédula de Extranjería",
	"nIdentificacion": "80917892",
	"area": "Administración",
	"fechaIngreso": "2022-02-20",
	"correo": "gabo.delasrosas@cidenet.com.us",
	"estado": "activo",
	"fechaCreacion": "26-02-2022 10:39:23",
	"fechaActualizacion": "26-02-2022 03:22:52"
}
[26/2/2022, 15:23:31] INFO : App Employees Running
[26/2/2022, 15:24:03] INFO : GET List of employees
[26/2/2022, 15:24:03] INFO : Consulta de Employee con ID bb96118a-9af2-43fd-92d2-99382c92788c 
 {
	"id": "bb96118a-9af2-43fd-92d2-99382c92788c",
	"primerApellido": "DE LAS ROSAS",
	"segundoApellido": "TICONA",
	"primerNombre": "GABO",
	"otrosNombres": "RONALDO",
	"pais": "Estados Unidos",
	"tIdentificacion": "Cédula de Extranjería",
	"nIdentificacion": "80917892",
	"area": "Administración",
	"fechaIngreso": "2022-02-20",
	"correo": "gabo.delasrosas@cidenet.com.us",
	"estado": "activo",
	"fechaCreacion": "26-02-2022 10:39:23",
	"fechaActualizacion": "26-02-2022 03:22:52"
}
[26/2/2022, 15:24:03] WARN : El ID id-no-valido no fue encontrado en la BD
[26/2/2022, 15:24:03] INFO : Succesfully creating new Employee s {
	"id": "dc3280bd-90fa-4299-b26f-2001339c3e19",
	"primerApellido": "DOLORES ",
	"segundoApellido": "TICONA",
	"primerNombre": "GABO",
	"otrosNombres": "RONALDO",
	"pais": "Estados Unidos",
	"tIdentificacion": "Cédula de Extranjería",
	"nIdentificacion": "80997812",
	"area": "Administración",
	"fechaIngreso": "2022-02-20",
	"correo": "gabo.dolores@cidenet.com.us",
	"estado": "activo",
	"fechaCreacion": "26-02-2022 03:24:03"
}
[26/2/2022, 15:24:03] WARN : Triying to create a employee when id and typeId exist in DB
[26/2/2022, 15:25:10] INFO : App Employees Running
[26/2/2022, 15:25:27] INFO : GET List of employees
[26/2/2022, 15:25:27] INFO : Consulta de Employee con ID bb96118a-9af2-43fd-92d2-99382c92788c 
 {
	"id": "bb96118a-9af2-43fd-92d2-99382c92788c",
	"primerApellido": "DE LAS ROSAS",
	"segundoApellido": "TICONA",
	"primerNombre": "GABO",
	"otrosNombres": "RONALDO",
	"pais": "Estados Unidos",
	"tIdentificacion": "Cédula de Extranjería",
	"nIdentificacion": "80917892",
	"area": "Administración",
	"fechaIngreso": "2022-02-20",
	"correo": "gabo.delasrosas@cidenet.com.us",
	"estado": "activo",
	"fechaCreacion": "26-02-2022 10:39:23",
	"fechaActualizacion": "26-02-2022 03:22:52"
}
[26/2/2022, 15:25:27] WARN : El ID id-no-valido no fue encontrado en la BD
[26/2/2022, 15:25:27] WARN : Triying to create a employee when id and typeId exist in DB
[26/2/2022, 15:25:27] WARN : Triying to create a employee when id and typeId exist in DB
[26/2/2022, 15:26:23] INFO : Consulta de Employee con ID bb96118a-9af2-43fd-92d2-99382c92788c 
 {
	"id": "bb96118a-9af2-43fd-92d2-99382c92788c",
	"primerApellido": "DE LAS ROSAS",
	"segundoApellido": "TICONA",
	"primerNombre": "GABO",
	"otrosNombres": "RONALDO",
	"pais": "Estados Unidos",
	"tIdentificacion": "Cédula de Extranjería",
	"nIdentificacion": "80917892",
	"area": "Administración",
	"fechaIngreso": "2022-02-20",
	"correo": "gabo.delasrosas@cidenet.com.us",
	"estado": "activo",
	"fechaCreacion": "26-02-2022 10:39:23",
	"fechaActualizacion": "26-02-2022 03:22:52"
}
[26/2/2022, 15:26:48] INFO : Succesfully Updating Employee s {
	"id": "bb96118a-9af2-43fd-92d2-99382c92788c",
	"primerApellido": "DE LAS ROSAS",
	"segundoApellido": "TICONA",
	"primerNombre": "GABO",
	"otrosNombres": "RONALDO",
	"pais": "Estados Unidos",
	"tIdentificacion": "Cédula de Extranjería",
	"nIdentificacion": "80917892",
	"area": "Administración",
	"fechaIngreso": "2022-02-20",
	"correo": "gabo.delasrosas.1@cidenet.com.us",
	"estado": "activo",
	"fechaCreacion": "26-02-2022 10:39:23",
	"fechaActualizacion": "26-02-2022 03:26:48"
}
[26/2/2022, 15:31:35] INFO : App Employees Running
[26/2/2022, 15:31:40] INFO : GET List of employees
[26/2/2022, 15:32:12] INFO : App Employees Running
[26/2/2022, 15:32:20] INFO : GET List of employees
[26/2/2022, 15:32:20] INFO : Consulta de Employee con ID bb96118a-9af2-43fd-92d2-99382c92788c 
 {
	"id": "bb96118a-9af2-43fd-92d2-99382c92788c",
	"primerApellido": "DE LAS ROSAS",
	"segundoApellido": "TICONA",
	"primerNombre": "GABO",
	"otrosNombres": "RONALDO",
	"pais": "Estados Unidos",
	"tIdentificacion": "Cédula de Extranjería",
	"nIdentificacion": "80917892",
	"area": "Administración",
	"fechaIngreso": "2022-02-20",
	"correo": "gabo.delasrosas.1@cidenet.com.us",
	"estado": "activo",
	"fechaCreacion": "26-02-2022 10:39:23",
	"fechaActualizacion": "26-02-2022 03:26:48"
}
[26/2/2022, 15:32:20] WARN : El ID id-no-valido no fue encontrado en la BD
[26/2/2022, 15:32:20] WARN : Triying to create a employee when id and typeId exist in DB
[26/2/2022, 15:32:20] WARN : Triying to create a employee when id and typeId exist in DB
[26/2/2022, 15:33:47] INFO : App Employees Running
[26/2/2022, 15:33:57] INFO : GET List of employees
[26/2/2022, 15:33:57] INFO : Consulta de Employee con ID bb96118a-9af2-43fd-92d2-99382c92788c 
 {
	"id": "bb96118a-9af2-43fd-92d2-99382c92788c",
	"primerApellido": "DE LAS ROSAS",
	"segundoApellido": "TICONA",
	"primerNombre": "GABO",
	"otrosNombres": "RONALDO",
	"pais": "Estados Unidos",
	"tIdentificacion": "Cédula de Extranjería",
	"nIdentificacion": "80917892",
	"area": "Administración",
	"fechaIngreso": "2022-02-20",
	"correo": "gabo.delasrosas.1@cidenet.com.us",
	"estado": "activo",
	"fechaCreacion": "26-02-2022 10:39:23",
	"fechaActualizacion": "26-02-2022 03:26:48"
}
[26/2/2022, 15:33:57] WARN : El ID id-no-valido no fue encontrado en la BD
[26/2/2022, 15:33:57] WARN : Triying to create a employee when id and typeId exist in DB
[26/2/2022, 15:33:57] WARN : Triying to create a employee when id and typeId exist in DB
[26/2/2022, 15:33:57] INFO : Succesfully Updating Employee s {
	"id": "bb96118a-9af2-43fd-92d2-99382c92788c",
	"primerApellido": "DOLORES DEL CAMPO",
	"segundoApellido": "TICONA",
	"primerNombre": "GABO",
	"otrosNombres": "RONALDO",
	"pais": "Estados Unidos",
	"tIdentificacion": "Cédula de Extranjería",
	"nIdentificacion": "80917892",
	"area": "Administración",
	"fechaIngreso": "2022-02-20",
	"correo": "gabo.doloresdelcampo@cidenet.com.us",
	"estado": "activo",
	"fechaCreacion": "26-02-2022 10:39:23",
	"fechaActualizacion": "26-02-2022 03:33:57"
}
[26/2/2022, 15:35:19] INFO : App Employees Running
[26/2/2022, 15:35:24] INFO : GET List of employees
[26/2/2022, 15:35:24] INFO : Consulta de Employee con ID bb96118a-9af2-43fd-92d2-99382c92788c 
 {
	"id": "bb96118a-9af2-43fd-92d2-99382c92788c",
	"primerApellido": "DOLORES DEL CAMPO",
	"segundoApellido": "TICONA",
	"primerNombre": "GABO",
	"otrosNombres": "RONALDO",
	"pais": "Estados Unidos",
	"tIdentificacion": "Cédula de Extranjería",
	"nIdentificacion": "80917892",
	"area": "Administración",
	"fechaIngreso": "2022-02-20",
	"correo": "gabo.doloresdelcampo@cidenet.com.us",
	"estado": "activo",
	"fechaCreacion": "26-02-2022 10:39:23",
	"fechaActualizacion": "26-02-2022 03:33:57"
}
[26/2/2022, 15:35:24] WARN : El ID id-no-valido no fue encontrado en la BD
[26/2/2022, 15:35:24] WARN : Triying to create a employee when id and typeId exist in DB
[26/2/2022, 15:35:24] WARN : Triying to create a employee when id and typeId exist in DB
[26/2/2022, 15:35:25] INFO : Succesfully Updating Employee s {
	"id": "bb96118a-9af2-43fd-92d2-99382c92788c",
	"primerApellido": "DOLORES DEL CAMPO",
	"segundoApellido": "TICONA",
	"primerNombre": "GABO",
	"otrosNombres": "RONALDO",
	"pais": "Estados Unidos",
	"tIdentificacion": "Cédula de Extranjería",
	"nIdentificacion": "80917892",
	"area": "Administración",
	"fechaIngreso": "2022-02-20",
	"correo": "gabo.doloresdelcampo.1@cidenet.com.us",
	"estado": "activo",
	"fechaCreacion": "26-02-2022 10:39:23",
	"fechaActualizacion": "26-02-2022 03:35:25"
}
[26/2/2022, 15:35:44] INFO : App Employees Running
[26/2/2022, 15:35:49] INFO : GET List of employees
[26/2/2022, 15:35:49] INFO : Consulta de Employee con ID bb96118a-9af2-43fd-92d2-99382c92788c 
 {
	"id": "bb96118a-9af2-43fd-92d2-99382c92788c",
	"primerApellido": "DOLORES DEL CAMPO",
	"segundoApellido": "TICONA",
	"primerNombre": "GABO",
	"otrosNombres": "RONALDO",
	"pais": "Estados Unidos",
	"tIdentificacion": "Cédula de Extranjería",
	"nIdentificacion": "80917892",
	"area": "Administración",
	"fechaIngreso": "2022-02-20",
	"correo": "gabo.doloresdelcampo.1@cidenet.com.us",
	"estado": "activo",
	"fechaCreacion": "26-02-2022 10:39:23",
	"fechaActualizacion": "26-02-2022 03:35:25"
}
[26/2/2022, 15:35:49] WARN : El ID id-no-valido no fue encontrado en la BD
[26/2/2022, 15:35:49] WARN : Triying to create a employee when id and typeId exist in DB
[26/2/2022, 15:35:49] WARN : Triying to create a employee when id and typeId exist in DB
[26/2/2022, 15:35:49] INFO : Succesfully Updating Employee s {
	"id": "bb96118a-9af2-43fd-92d2-99382c92788c",
	"primerApellido": "DOLORES DEL CAMPO",
	"segundoApellido": "TICONA",
	"primerNombre": "GABO",
	"otrosNombres": "RONALDO",
	"pais": "Estados Unidos",
	"tIdentificacion": "Cédula de Extranjería",
	"nIdentificacion": "80917892",
	"area": "Administración",
	"fechaIngreso": "2022-02-20",
	"correo": "gabo.doloresdelcampo@cidenet.com.us",
	"estado": "activo",
	"fechaCreacion": "26-02-2022 10:39:23",
	"fechaActualizacion": "26-02-2022 03:35:49"
}
[26/2/2022, 15:37:14] INFO : App Employees Running
[26/2/2022, 15:40:41] INFO : App Employees Running
[26/2/2022, 15:40:45] INFO : Succesfully Updating Employee s {}
[26/2/2022, 15:41:29] INFO : App Employees Running
[26/2/2022, 15:41:32] INFO : Succesfully Updating Employee s {}
[26/2/2022, 15:42:20] INFO : App Employees Running
[26/2/2022, 15:42:23] WARN : Error triying to update a employee null
[26/2/2022, 15:45:05] INFO : App Employees Running
[26/2/2022, 15:45:09] WARN : Error triying to update a employee null
[26/2/2022, 15:45:24] INFO : App Employees Running
[26/2/2022, 15:45:27] WARN : Error triying to update a employee null
[26/2/2022, 15:45:29] WARN : Error triying to update a employee null
[26/2/2022, 15:46:01] INFO : App Employees Running
[26/2/2022, 15:46:02] WARN : Error triying to update a employee {
	"id": "bb96118a-9af2-43fd-92d2-99382c927880",
	"primerApellido": "DE LAS ROSAS"
}
[26/2/2022, 15:46:44] INFO : GET List of employees
[26/2/2022, 15:46:44] INFO : Consulta de Employee con ID bb96118a-9af2-43fd-92d2-99382c92788c 
 {
	"id": "bb96118a-9af2-43fd-92d2-99382c92788c",
	"primerApellido": "DOLORES DEL CAMPO",
	"segundoApellido": "TICONA",
	"primerNombre": "GABO",
	"otrosNombres": "RONALDO",
	"pais": "Estados Unidos",
	"tIdentificacion": "Cédula de Extranjería",
	"nIdentificacion": "80917892",
	"area": "Administración",
	"fechaIngreso": "2022-02-20",
	"correo": "gabo.doloresdelcampo@cidenet.com.us",
	"estado": "activo",
	"fechaCreacion": "26-02-2022 10:39:23",
	"fechaActualizacion": "26-02-2022 03:35:49"
}
[26/2/2022, 15:46:44] WARN : El ID id-no-valido no fue encontrado en la BD
[26/2/2022, 15:46:44] WARN : Triying to create a employee when id and typeId exist in DB
[26/2/2022, 15:46:44] WARN : Triying to create a employee when id and typeId exist in DB
[26/2/2022, 15:46:44] INFO : Succesfully Updating Employee s {
	"id": "bb96118a-9af2-43fd-92d2-99382c92788c",
	"primerApellido": "DOLORES DEL CAMPO",
	"segundoApellido": "TICONA",
	"primerNombre": "GABO",
	"otrosNombres": "RONALDO",
	"pais": "Estados Unidos",
	"tIdentificacion": "Cédula de Extranjería",
	"nIdentificacion": "80917892",
	"area": "Administración",
	"fechaIngreso": "2022-02-20",
	"correo": "gabo.doloresdelcampo.1@cidenet.com.us",
	"estado": "activo",
	"fechaCreacion": "26-02-2022 10:39:23",
	"fechaActualizacion": "26-02-2022 03:46:44"
}
[26/2/2022, 15:46:44] WARN : Error triying to update a employee {
	"id": "bb96118a-9af2-43fd-02d2-99382c92788c",
	"primerApellido": "CAMPOS"
}
[26/2/2022, 15:47:16] INFO : Succesfully Updating Employee s {
	"id": "bb96118a-9af2-43fd-92d2-99382c92788c",
	"primerApellido": "DE LAS ROSAS",
	"segundoApellido": "TICONA",
	"primerNombre": "GABO",
	"otrosNombres": "RONALDO",
	"pais": "Estados Unidos",
	"tIdentificacion": "Cédula de Extranjería",
	"nIdentificacion": "80917892",
	"area": "Administración",
	"fechaIngreso": "2022-02-20",
	"correo": "gabo.delasrosas@cidenet.com.us",
	"estado": "activo",
	"fechaCreacion": "26-02-2022 10:39:23",
	"fechaActualizacion": "26-02-2022 03:47:16"
}
[26/2/2022, 15:48:36] INFO : App Employees Running
[26/2/2022, 15:49:27] INFO : App Employees Running
[26/2/2022, 15:49:54] WARN : Employee not found to delete with ID: eb3f14ed-15c1-4fba-b4c3-cedd602a32b9
[26/2/2022, 15:53:28] INFO : App Employees Running
[26/2/2022, 15:53:38] INFO : GET List of employees
[26/2/2022, 15:53:38] INFO : Consulta de Employee con ID bb96118a-9af2-43fd-92d2-99382c92788c 
 {
	"id": "bb96118a-9af2-43fd-92d2-99382c92788c",
	"primerApellido": "DE LAS ROSAS",
	"segundoApellido": "TICONA",
	"primerNombre": "GABO",
	"otrosNombres": "RONALDO",
	"pais": "Estados Unidos",
	"tIdentificacion": "Cédula de Extranjería",
	"nIdentificacion": "80917892",
	"area": "Administración",
	"fechaIngreso": "2022-02-20",
	"correo": "gabo.delasrosas@cidenet.com.us",
	"estado": "activo",
	"fechaCreacion": "26-02-2022 10:39:23",
	"fechaActualizacion": "26-02-2022 03:47:16"
}
[26/2/2022, 15:53:38] WARN : El ID id-no-valido no fue encontrado en la BD
[26/2/2022, 15:53:38] WARN : Triying to create a employee when id and typeId exist in DB
[26/2/2022, 15:53:38] WARN : Triying to create a employee when id and typeId exist in DB
[26/2/2022, 15:53:38] INFO : Succesfully Updating Employee s {
	"id": "bb96118a-9af2-43fd-92d2-99382c92788c",
	"primerApellido": "DOLORES DEL CAMPO",
	"segundoApellido": "TICONA",
	"primerNombre": "GABO",
	"otrosNombres": "RONALDO",
	"pais": "Estados Unidos",
	"tIdentificacion": "Cédula de Extranjería",
	"nIdentificacion": "80917892",
	"area": "Administración",
	"fechaIngreso": "2022-02-20",
	"correo": "gabo.doloresdelcampo@cidenet.com.us",
	"estado": "activo",
	"fechaCreacion": "26-02-2022 10:39:23",
	"fechaActualizacion": "26-02-2022 03:53:38"
}
[26/2/2022, 15:53:38] WARN : Error triying to update a employee {
	"id": "bb96118a-9af2-43fd-02d2-99382c92788c",
	"primerApellido": "CAMPOS"
}
[26/2/2022, 15:53:38] WARN : Employee not found to delete with ID: id-no-valido
[26/2/2022, 15:53:56] INFO : Succesfully deleting Employee s {
	"id": "bb96118a-9af2-43fd-92d2-99382c92788c",
	"primerApellido": "DE LAS ROSAS",
	"segundoApellido": "TICONA",
	"primerNombre": "GABO",
	"otrosNombres": "RONALDO",
	"pais": "Estados Unidos",
	"tIdentificacion": "Cédula de Extranjería",
	"nIdentificacion": "80917892",
	"area": "Administración",
	"fechaIngreso": "2022-02-20",
	"correo": "gabo.delasrosas@cidenet.com.us",
	"estado": "activo",
	"fechaCreacion": "26-02-2022 10:39:23",
	"fechaActualizacion": "26-02-2022 03:47:16"
}
[26/2/2022, 15:54:06] WARN : Employee not found to delete with ID: bb96118a-9af2-43fd-92d2-99382c92788c
[26/2/2022, 15:54:27] INFO : App Employees Running
[26/2/2022, 15:54:33] INFO : GET List of employees
[26/2/2022, 15:54:33] WARN : El ID bb96118a-9af2-43fd-92d2-99382c92788c no fue encontrado en la BD
[26/2/2022, 15:54:33] WARN : El ID id-no-valido no fue encontrado en la BD
[26/2/2022, 15:54:33] WARN : Triying to create a employee when id and typeId exist in DB
[26/2/2022, 15:54:33] INFO : Succesfully creating new Employee s {
	"id": "2c6a3d9f-8835-4602-bd98-7491fec589fe",
	"primerApellido": "DOLORES ",
	"segundoApellido": "TICONA",
	"primerNombre": "GABO",
	"otrosNombres": "RONALDO",
	"pais": "Estados Unidos",
	"tIdentificacion": "Cédula de Extranjería",
	"nIdentificacion": "80917892",
	"area": "Administración",
	"fechaIngreso": "2022-02-20",
	"correo": "gabo.dolores.2@cidenet.com.us",
	"estado": "activo",
	"fechaCreacion": "26-02-2022 03:54:33"
}
[26/2/2022, 15:54:33] WARN : Error triying to update a employee {
	"id": "bb96118a-9af2-43fd-92d2-99382c92788c",
	"primerApellido": "DOLORES DEL CAMPO"
}
[26/2/2022, 15:54:33] WARN : Error triying to update a employee {
	"id": "bb96118a-9af2-43fd-02d2-99382c92788c",
	"primerApellido": "CAMPOS"
}
[26/2/2022, 15:54:33] WARN : Employee not found to delete with ID: id-no-valido
[26/2/2022, 15:54:33] WARN : Employee not found to delete with ID: bb96118a-9af2-43fd-92d2-99382c92788c
[26/2/2022, 15:56:19] INFO : Succesfully creating new Employee s {
	"id": "e273a1f7-604d-45c8-9b98-23fd54ec2b70",
	"primerApellido": "DOLARES",
	"segundoApellido": "TICONA",
	"primerNombre": "GABO",
	"otrosNombres": "RONALDO",
	"pais": "Estados Unidos",
	"tIdentificacion": "Cédula de Extranjería",
	"nIdentificacion": "80917892",
	"area": "Administración",
	"fechaIngreso": "2022-02-20",
	"correo": "gabo.dolares@cidenet.com.us",
	"estado": "activo",
	"fechaCreacion": "26-02-2022 03:56:19"
}
[26/2/2022, 15:59:50] INFO : App Employees Running
[26/2/2022, 16:00:00] WARN : Triying to create a employee when id and typeId exist in DB
[26/2/2022, 16:00:00] WARN : Triying to create a employee when id and typeId exist in DB
[26/2/2022, 16:00:00] INFO : GET List of employees
[26/2/2022, 16:00:00] WARN : El ID null no fue encontrado en la BD
[26/2/2022, 16:00:00] WARN : El ID id-no-valido no fue encontrado en la BD
[26/2/2022, 16:00:00] WARN : Error triying to update a employee {
	"id": "null",
	"primerApellido": "DOLORES DEL CAMPO"
}
[26/2/2022, 16:00:00] WARN : Error triying to update a employee {
	"id": "id-employee-invalid",
	"primerApellido": "CAMPOS"
}
[26/2/2022, 16:00:00] WARN : Employee not found to delete with ID: id-no-valido
[26/2/2022, 16:00:00] WARN : Employee not found to delete with ID: null
[26/2/2022, 16:00:26] WARN : Employee not found to delete with ID: bb96118a-9af2-43fd-92d2-99382c92asd
[26/2/2022, 16:00:50] INFO : App Employees Running
[26/2/2022, 16:00:56] WARN : Triying to create a employee when id and typeId exist in DB
[26/2/2022, 16:00:57] WARN : Triying to create a employee when id and typeId exist in DB
[26/2/2022, 16:00:57] INFO : GET List of employees
[26/2/2022, 16:00:57] WARN : El ID null no fue encontrado en la BD
[26/2/2022, 16:00:57] WARN : El ID id-no-valido no fue encontrado en la BD
[26/2/2022, 16:00:57] WARN : Error triying to update a employee {
	"id": "null",
	"primerApellido": "DOLORES DEL CAMPO"
}
[26/2/2022, 16:00:57] WARN : Error triying to update a employee {
	"id": "id-employee-invalid",
	"primerApellido": "CAMPOS"
}
[26/2/2022, 16:00:57] WARN : Employee not found to delete with ID: id-no-valido
[26/2/2022, 16:00:57] WARN : Employee not found to delete with ID: null
[26/2/2022, 16:01:27] WARN : Employee not found to delete with ID: id-no-valido
[26/2/2022, 16:03:08] INFO : App Employees Running
[26/2/2022, 16:03:13] WARN : Employee not found to delete with ID: id-no-valido
[26/2/2022, 16:03:33] WARN : Triying to create a employee when id and typeId exist in DB
[26/2/2022, 16:03:33] WARN : Triying to create a employee when id and typeId exist in DB
[26/2/2022, 16:03:33] INFO : GET List of employees
[26/2/2022, 16:03:33] WARN : El ID null no fue encontrado en la BD
[26/2/2022, 16:03:33] WARN : El ID id-no-valido no fue encontrado en la BD
[26/2/2022, 16:03:33] WARN : Error triying to update a employee {
	"id": "null",
	"primerApellido": "DOLORES DEL CAMPO"
}
[26/2/2022, 16:03:33] WARN : Error triying to update a employee {
	"id": "id-employee-invalid",
	"primerApellido": "CAMPOS"
}
[26/2/2022, 16:03:33] WARN : Employee not found to delete with ID: id-no-valido
[26/2/2022, 16:03:33] WARN : Employee not found to delete with ID: null
[26/2/2022, 16:06:09] INFO : App Employees Running
[26/2/2022, 16:06:15] WARN : Triying to create a employee when id and typeId exist in DB
[26/2/2022, 16:06:15] WARN : Triying to create a employee when id and typeId exist in DB
[26/2/2022, 16:06:15] INFO : GET List of employees
[26/2/2022, 16:06:15] WARN : El ID null no fue encontrado en la BD
[26/2/2022, 16:06:15] WARN : El ID id-no-valido no fue encontrado en la BD
[26/2/2022, 16:06:15] WARN : Error triying to update a employee {
	"id": "null",
	"primerApellido": "DOLORES DEL CAMPO"
}
[26/2/2022, 16:06:15] WARN : Error triying to update a employee {
	"id": "id-employee-invalid",
	"primerApellido": "CAMPOS"
}
[26/2/2022, 16:06:15] WARN : Employee not found to delete with ID: id-no-valido
[26/2/2022, 16:06:15] WARN : Employee not found to delete with ID: null
[26/2/2022, 16:07:07] INFO : GET List of employees
[26/2/2022, 16:09:07] INFO : App Employees Running
[26/2/2022, 16:09:13] WARN : Triying to create a employee when id and typeId exist in DB
[26/2/2022, 16:09:13] WARN : Triying to create a employee when id and typeId exist in DB
[26/2/2022, 16:09:13] INFO : GET List of employees
[26/2/2022, 16:09:13] INFO : Consulta de Employee con ID dc3280bd-90fa-4299-b26f-2001339c3e19 
 {
	"id": "dc3280bd-90fa-4299-b26f-2001339c3e19",
	"primerApellido": "DOLORES ",
	"segundoApellido": "TICONA",
	"primerNombre": "GABO",
	"otrosNombres": "RONALDO",
	"pais": "Estados Unidos",
	"tIdentificacion": "Cédula de Extranjería",
	"nIdentificacion": "80997812",
	"area": "Administración",
	"fechaIngreso": "2022-02-20",
	"correo": "gabo.dolores@cidenet.com.us",
	"estado": "activo",
	"fechaCreacion": "26-02-2022 03:24:03"
}
[26/2/2022, 16:09:13] WARN : El ID id-no-valido no fue encontrado en la BD
[26/2/2022, 16:09:13] INFO : Succesfully Updating Employee s {
	"id": "dc3280bd-90fa-4299-b26f-2001339c3e19",
	"primerApellido": "DOLORES DEL CAMPO",
	"segundoApellido": "TICONA",
	"primerNombre": "GABO",
	"otrosNombres": "RONALDO",
	"pais": "Estados Unidos",
	"tIdentificacion": "Cédula de Extranjería",
	"nIdentificacion": "80997812",
	"area": "Administración",
	"fechaIngreso": "2022-02-20",
	"correo": "gabo.doloresdelcampo@cidenet.com.us",
	"estado": "activo",
	"fechaCreacion": "26-02-2022 03:24:03",
	"fechaActualizacion": "26-02-2022 04:09:13"
}
[26/2/2022, 16:09:13] WARN : Error triying to update a employee {
	"id": "id-employee-invalid",
	"primerApellido": "CAMPOS"
}
[26/2/2022, 16:09:13] WARN : Employee not found to delete with ID: id-no-valido
[26/2/2022, 16:09:13] INFO : Succesfully deleting Employee s {
	"id": "dc3280bd-90fa-4299-b26f-2001339c3e19",
	"primerApellido": "DOLORES DEL CAMPO",
	"segundoApellido": "TICONA",
	"primerNombre": "GABO",
	"otrosNombres": "RONALDO",
	"pais": "Estados Unidos",
	"tIdentificacion": "Cédula de Extranjería",
	"nIdentificacion": "80997812",
	"area": "Administración",
	"fechaIngreso": "2022-02-20",
	"correo": "gabo.doloresdelcampo@cidenet.com.us",
	"estado": "activo",
	"fechaCreacion": "26-02-2022 03:24:03",
	"fechaActualizacion": "26-02-2022 04:09:13"
}
[26/2/2022, 16:09:43] INFO : App Employees Running
[26/2/2022, 16:09:43] INFO : GET List of employees
[26/2/2022, 16:10:03] INFO : App Employees Running
[26/2/2022, 16:10:10] INFO : Succesfully creating new Employee s {
	"id": "740a1454-99d6-4038-9e35-580457f0a223",
	"primerApellido": "DOLORES ",
	"segundoApellido": "TICONA",
	"primerNombre": "GABO",
	"otrosNombres": "RONALDO",
	"pais": "Estados Unidos",
	"tIdentificacion": "Cédula de Extranjería",
	"nIdentificacion": "80991812",
	"area": "Administración",
	"fechaIngreso": "2022-02-20",
	"correo": "gabo.dolores@cidenet.com.us",
	"estado": "activo",
	"fechaCreacion": "26-02-2022 04:10:10"
}
[26/2/2022, 16:10:10] WARN : Triying to create a employee when id and typeId exist in DB
[26/2/2022, 16:10:10] INFO : GET List of employees
[26/2/2022, 16:10:10] INFO : Consulta de Employee con ID e273a1f7-604d-45c8-9b98-23fd54ec2b70 
 {
	"id": "e273a1f7-604d-45c8-9b98-23fd54ec2b70",
	"primerApellido": "DOLARES",
	"segundoApellido": "TICONA",
	"primerNombre": "GABO",
	"otrosNombres": "RONALDO",
	"pais": "Estados Unidos",
	"tIdentificacion": "Cédula de Extranjería",
	"nIdentificacion": "80917892",
	"area": "Administración",
	"fechaIngreso": "2022-02-20",
	"correo": "gabo.dolares@cidenet.com.us",
	"estado": "activo",
	"fechaCreacion": "26-02-2022 03:56:19"
}
[26/2/2022, 16:10:10] WARN : El ID id-no-valido no fue encontrado en la BD
[26/2/2022, 16:10:10] INFO : Succesfully Updating Employee s {
	"id": "e273a1f7-604d-45c8-9b98-23fd54ec2b70",
	"primerApellido": "DOLORES DEL CAMPO",
	"segundoApellido": "TICONA",
	"primerNombre": "GABO",
	"otrosNombres": "RONALDO",
	"pais": "Estados Unidos",
	"tIdentificacion": "Cédula de Extranjería",
	"nIdentificacion": "80917892",
	"area": "Administración",
	"fechaIngreso": "2022-02-20",
	"correo": "gabo.doloresdelcampo@cidenet.com.us",
	"estado": "activo",
	"fechaCreacion": "26-02-2022 03:56:19",
	"fechaActualizacion": "26-02-2022 04:10:10"
}
[26/2/2022, 16:10:10] WARN : Error triying to update a employee {
	"id": "id-employee-invalid",
	"primerApellido": "CAMPOS"
}
[26/2/2022, 16:10:10] WARN : Employee not found to delete with ID: id-no-valido
[26/2/2022, 16:10:10] INFO : Succesfully deleting Employee s {
	"id": "e273a1f7-604d-45c8-9b98-23fd54ec2b70",
	"primerApellido": "DOLORES DEL CAMPO",
	"segundoApellido": "TICONA",
	"primerNombre": "GABO",
	"otrosNombres": "RONALDO",
	"pais": "Estados Unidos",
	"tIdentificacion": "Cédula de Extranjería",
	"nIdentificacion": "80917892",
	"area": "Administración",
	"fechaIngreso": "2022-02-20",
	"correo": "gabo.doloresdelcampo@cidenet.com.us",
	"estado": "activo",
	"fechaCreacion": "26-02-2022 03:56:19",
	"fechaActualizacion": "26-02-2022 04:10:10"
}
